
   Program  MARK  - Survival Rate Estimation with Capture-Recapture Data
   gfortran(dble) Vers. 9.0 Jan 2019  24-Mar-2022 15:26:12    Page  001
    
 - - - - - - - - - - - - - - - - - - - - - - - - - - - - - - - - - - - - - -
 
   Welcome to MARK lukeh on machine LUKE-HENSLEE in subdirectory 
   "C:\Users\lukeh\Desktop\Git_repos\Chapter-2" running file "mark004.inp".
   This version was compiled by GCC version 11.2.0 using the options: 
     -cpp -iprefix c:\tdm-gcc-64\mingw64\bin\../lib/gcc/x86_64-w64-mingw32/11.2.0/
     -D_MT -D_REENTRANT -U_REENTRANT -D IEEE -D DBLEPRECISION -m64 -mtune=generic
     -march=x86-64 -mthreads -O2 -std=f2018 -fimplicit-none -fbounds-check
     -funroll-loops -ftree-vectorize -ffpe-summary=invalid,zero,overflow,underflow
     -fno-unsafe-math-optimizations -frounding-math -fsignaling-nans -flto
     -fall-intrinsics -fopenmp.

   This problem will use 7 of 8 possible threads.


  INPUT --- proc title ;

   CPU Time for the last procedure was 0.01 seconds.     


  INPUT --- proc chmatrix occasions= 4 groups= 1 etype= Multistrata 
  INPUT --- Nodes= 101 strata=3 ICMeans  NoHist hist= 255 ;

  INPUT ---    time interval 1 1 1 ;

  INPUT ---     strata=A B C;

  INPUT ---    glabel(1)=Group 1;

      Number of unique encounter histories read was 255.

      Number of individual covariates read was 0.
      Time interval lengths are all equal to 1.

      Data type number is 9
      Data type is Multi-state with Live Recaptures

   CPU Time for the last procedure was 0.02 seconds.     

  Program  MARK  - Survival Rate Estimation with Capture-Recapture Data
   gfortran(dble) Vers. 9.0 Jan 2019  24-Mar-2022 15:26:12    Page  002
 - - - - - - - - - - - - - - - - - - - - - - - - - - - - - - - - - - - - - -
 


  INPUT --- proc estimate link=Parm-Specific NOLOOP varest=2ndPart    ;


  INPUT --- model={ S(~stratum)p(~stratum)Psi(~-1 + stratum:tostratum) 
  INPUT --- };

  INPUT ---    group=1 S A:StratumA   rows=3 cols=3 Triang ;
  INPUT ---        1 1 1 ;
  INPUT ---        1 1 ;
  INPUT ---        1 ;

  INPUT ---    group=1 S B:StratumB   rows=3 cols=3 Triang ;
  INPUT ---        2 2 2 ;
  INPUT ---        2 2 ;
  INPUT ---        2 ;

  INPUT ---    group=1 S C:StratumC   rows=3 cols=3 Triang ;
  INPUT ---        3 3 3 ;
  INPUT ---        3 3 ;
  INPUT ---        3 ;

  INPUT ---    group=1 p A:StratumA   rows=3 cols=3 Triang ;
  INPUT ---        4 4 4 ;
  INPUT ---        4 4 ;
  INPUT ---        4 ;

  INPUT ---    group=1 p B:StratumB   rows=3 cols=3 Triang ;
  INPUT ---        5 5 5 ;
  INPUT ---        5 5 ;
  INPUT ---        5 ;

  INPUT ---    group=1 p C:StratumC   rows=3 cols=3 Triang ;
  INPUT ---        6 6 6 ;
  INPUT ---        6 6 ;
  INPUT ---        6 ;

  INPUT ---    group=1 Psi A to B   rows=3 cols=3 Triang ;
  INPUT ---        7 8 9 ;
  INPUT ---        10 11 ;
  INPUT ---        12 ;

  INPUT ---    group=1 Psi A to C   rows=3 cols=3 Triang ;
  INPUT ---        13 14 15 ;
  INPUT ---        16 17 ;

  Program  MARK  - Survival Rate Estimation with Capture-Recapture Data
   gfortran(dble) Vers. 9.0 Jan 2019  24-Mar-2022 15:26:12    Page  003
 - - - - - - - - - - - - - - - - - - - - - - - - - - - - - - - - - - - - - -
 
  INPUT ---        18 ;

  INPUT ---    group=1 Psi B to A   rows=3 cols=3 Triang ;
  INPUT ---        19 20 21 ;
  INPUT ---        22 23 ;
  INPUT ---        24 ;

  INPUT ---    group=1 Psi B to C   rows=3 cols=3 Triang ;
  INPUT ---        25 26 27 ;
  INPUT ---        28 29 ;
  INPUT ---        30 ;

  INPUT ---    group=1 Psi C to A   rows=3 cols=3 Triang ;
  INPUT ---        31 32 33 ;
  INPUT ---        34 35 ;
  INPUT ---        36 ;

  INPUT ---    group=1 Psi C to B   rows=3 cols=3 Triang ;
  INPUT ---        37 38 39 ;
  INPUT ---        40 41 ;
  INPUT ---        42 ;

  INPUT ---    design matrix constraints=42 covariates=12;
  INPUT ---        1 0 0 0 0 0 0 0 0 0 0 0;
  INPUT ---        1 1 0 0 0 0 0 0 0 0 0 0;
  INPUT ---        1 0 1 0 0 0 0 0 0 0 0 0;
  INPUT ---        0 0 0 1 0 0 0 0 0 0 0 0;
  INPUT ---        0 0 0 1 1 0 0 0 0 0 0 0;
  INPUT ---        0 0 0 1 0 1 0 0 0 0 0 0;
  INPUT ---        0 0 0 0 0 0 0 0 1 0 0 0;
  INPUT ---        0 0 0 0 0 0 0 0 1 0 0 0;
  INPUT ---        0 0 0 0 0 0 0 0 1 0 0 0;
  INPUT ---        0 0 0 0 0 0 0 0 1 0 0 0;
  INPUT ---        0 0 0 0 0 0 0 0 1 0 0 0;
  INPUT ---        0 0 0 0 0 0 0 0 1 0 0 0;
  INPUT ---        0 0 0 0 0 0 0 0 0 0 1 0;
  INPUT ---        0 0 0 0 0 0 0 0 0 0 1 0;
  INPUT ---        0 0 0 0 0 0 0 0 0 0 1 0;
  INPUT ---        0 0 0 0 0 0 0 0 0 0 1 0;
  INPUT ---        0 0 0 0 0 0 0 0 0 0 1 0;
  INPUT ---        0 0 0 0 0 0 0 0 0 0 1 0;
  INPUT ---        0 0 0 0 0 0 1 0 0 0 0 0;
  INPUT ---        0 0 0 0 0 0 1 0 0 0 0 0;
  INPUT ---        0 0 0 0 0 0 1 0 0 0 0 0;
  INPUT ---        0 0 0 0 0 0 1 0 0 0 0 0;
  INPUT ---        0 0 0 0 0 0 1 0 0 0 0 0;

  Program  MARK  - Survival Rate Estimation with Capture-Recapture Data
   gfortran(dble) Vers. 9.0 Jan 2019  24-Mar-2022 15:26:12    Page  004
 - - - - - - - - - - - - - - - - - - - - - - - - - - - - - - - - - - - - - -
 
  INPUT ---        0 0 0 0 0 0 1 0 0 0 0 0;
  INPUT ---        0 0 0 0 0 0 0 0 0 0 0 1;
  INPUT ---        0 0 0 0 0 0 0 0 0 0 0 1;
  INPUT ---        0 0 0 0 0 0 0 0 0 0 0 1;
  INPUT ---        0 0 0 0 0 0 0 0 0 0 0 1;
  INPUT ---        0 0 0 0 0 0 0 0 0 0 0 1;
  INPUT ---        0 0 0 0 0 0 0 0 0 0 0 1;
  INPUT ---        0 0 0 0 0 0 0 1 0 0 0 0;
  INPUT ---        0 0 0 0 0 0 0 1 0 0 0 0;
  INPUT ---        0 0 0 0 0 0 0 1 0 0 0 0;
  INPUT ---        0 0 0 0 0 0 0 1 0 0 0 0;
  INPUT ---        0 0 0 0 0 0 0 1 0 0 0 0;
  INPUT ---        0 0 0 0 0 0 0 1 0 0 0 0;
  INPUT ---        0 0 0 0 0 0 0 0 0 1 0 0;
  INPUT ---        0 0 0 0 0 0 0 0 0 1 0 0;
  INPUT ---        0 0 0 0 0 0 0 0 0 1 0 0;
  INPUT ---        0 0 0 0 0 0 0 0 0 1 0 0;
  INPUT ---        0 0 0 0 0 0 0 0 0 1 0 0;
  INPUT ---        0 0 0 0 0 0 0 0 0 1 0 0;

  INPUT ---    links=42;

  INPUT ---    Logit;

  INPUT ---    Logit;

  INPUT ---    Logit;

  INPUT ---    Logit;

  INPUT ---    Logit;

  INPUT ---    Logit;

  INPUT ---    mlogit(1);

  INPUT ---    mlogit(2);

  INPUT ---    mlogit(3);

  INPUT ---    mlogit(4);

  INPUT ---    mlogit(5);

  INPUT ---    mlogit(6);


  Program  MARK  - Survival Rate Estimation with Capture-Recapture Data
   gfortran(dble) Vers. 9.0 Jan 2019  24-Mar-2022 15:26:12    Page  005
 - - - - - - - - - - - - - - - - - - - - - - - - - - - - - - - - - - - - - -
 
  INPUT ---    mlogit(1);

  INPUT ---    mlogit(2);

  INPUT ---    mlogit(3);

  INPUT ---    mlogit(4);

  INPUT ---    mlogit(5);

  INPUT ---    mlogit(6);

  INPUT ---    mlogit(7);

  INPUT ---    mlogit(8);

  INPUT ---    mlogit(9);

  INPUT ---    mlogit(10);

  INPUT ---    mlogit(11);

  INPUT ---    mlogit(12);

  INPUT ---    mlogit(7);

  INPUT ---    mlogit(8);

  INPUT ---    mlogit(9);

  INPUT ---    mlogit(10);

  INPUT ---    mlogit(11);

  INPUT ---    mlogit(12);

  INPUT ---    mlogit(13);

  INPUT ---    mlogit(14);

  INPUT ---    mlogit(15);

  INPUT ---    mlogit(16);

  INPUT ---    mlogit(17);


  Program  MARK  - Survival Rate Estimation with Capture-Recapture Data
   gfortran(dble) Vers. 9.0 Jan 2019  24-Mar-2022 15:26:12    Page  006
 - - - - - - - - - - - - - - - - - - - - - - - - - - - - - - - - - - - - - -
 
  INPUT ---    mlogit(18);

  INPUT ---    mlogit(13);

  INPUT ---    mlogit(14);

  INPUT ---    mlogit(15);

  INPUT ---    mlogit(16);

  INPUT ---    mlogit(17);

  INPUT ---    mlogit(18);
  INPUT ---       blabel(1)=S:(Intercept);
  INPUT ---       blabel(2)=S:stratumB;
  INPUT ---       blabel(3)=S:stratumC;
  INPUT ---       blabel(4)=p:(Intercept);
  INPUT ---       blabel(5)=p:stratumB;
  INPUT ---       blabel(6)=p:stratumC;
  INPUT ---       blabel(7)=Psi:stratumB:tostratumA;
  INPUT ---       blabel(8)=Psi:stratumC:tostratumA;
  INPUT ---       blabel(9)=Psi:stratumA:tostratumB;
  INPUT ---       blabel(10)=Psi:stratumC:tostratumB;
  INPUT ---       blabel(11)=Psi:stratumA:tostratumC;
  INPUT ---       blabel(12)=Psi:stratumB:tostratumC;
  INPUT ---       rlabel(1)=S sA g1 c1 a0 o1 t1;
  INPUT ---       rlabel(2)=S sB g1 c1 a0 o1 t1;
  INPUT ---       rlabel(3)=S sC g1 c1 a0 o1 t1;
  INPUT ---       rlabel(4)=p sA g1 c1 a1 o1 t2;
  INPUT ---       rlabel(5)=p sB g1 c1 a1 o1 t2;
  INPUT ---       rlabel(6)=p sC g1 c1 a1 o1 t2;
  INPUT ---       rlabel(7)=Psi sA toB g1 c1 a0 o1 t1;
  INPUT ---       rlabel(8)=Psi sA toB g1 c1 a1 o2 t2;
  INPUT ---       rlabel(9)=Psi sA toB g1 c1 a2 o3 t3;
  INPUT ---       rlabel(10)=Psi sA toB g1 c2 a0 o2 t2;
  INPUT ---       rlabel(11)=Psi sA toB g1 c2 a1 o3 t3;
  INPUT ---       rlabel(12)=Psi sA toB g1 c3 a0 o3 t3;
  INPUT ---       rlabel(13)=Psi sA toC g1 c1 a0 o1 t1;
  INPUT ---       rlabel(14)=Psi sA toC g1 c1 a1 o2 t2;
  INPUT ---       rlabel(15)=Psi sA toC g1 c1 a2 o3 t3;
  INPUT ---       rlabel(16)=Psi sA toC g1 c2 a0 o2 t2;
  INPUT ---       rlabel(17)=Psi sA toC g1 c2 a1 o3 t3;
  INPUT ---       rlabel(18)=Psi sA toC g1 c3 a0 o3 t3;
  INPUT ---       rlabel(19)=Psi sB toA g1 c1 a0 o1 t1;
  INPUT ---       rlabel(20)=Psi sB toA g1 c1 a1 o2 t2;
  INPUT ---       rlabel(21)=Psi sB toA g1 c1 a2 o3 t3;

  Program  MARK  - Survival Rate Estimation with Capture-Recapture Data
   gfortran(dble) Vers. 9.0 Jan 2019  24-Mar-2022 15:26:12    Page  007
 - - - - - - - - - - - - - - - - - - - - - - - - - - - - - - - - - - - - - -
 
  INPUT ---       rlabel(22)=Psi sB toA g1 c2 a0 o2 t2;
  INPUT ---       rlabel(23)=Psi sB toA g1 c2 a1 o3 t3;
  INPUT ---       rlabel(24)=Psi sB toA g1 c3 a0 o3 t3;
  INPUT ---       rlabel(25)=Psi sB toC g1 c1 a0 o1 t1;
  INPUT ---       rlabel(26)=Psi sB toC g1 c1 a1 o2 t2;
  INPUT ---       rlabel(27)=Psi sB toC g1 c1 a2 o3 t3;
  INPUT ---       rlabel(28)=Psi sB toC g1 c2 a0 o2 t2;
  INPUT ---       rlabel(29)=Psi sB toC g1 c2 a1 o3 t3;
  INPUT ---       rlabel(30)=Psi sB toC g1 c3 a0 o3 t3;
  INPUT ---       rlabel(31)=Psi sC toA g1 c1 a0 o1 t1;
  INPUT ---       rlabel(32)=Psi sC toA g1 c1 a1 o2 t2;
  INPUT ---       rlabel(33)=Psi sC toA g1 c1 a2 o3 t3;
  INPUT ---       rlabel(34)=Psi sC toA g1 c2 a0 o2 t2;
  INPUT ---       rlabel(35)=Psi sC toA g1 c2 a1 o3 t3;
  INPUT ---       rlabel(36)=Psi sC toA g1 c3 a0 o3 t3;
  INPUT ---       rlabel(37)=Psi sC toB g1 c1 a0 o1 t1;
  INPUT ---       rlabel(38)=Psi sC toB g1 c1 a1 o2 t2;
  INPUT ---       rlabel(39)=Psi sC toB g1 c1 a2 o3 t3;
  INPUT ---       rlabel(40)=Psi sC toB g1 c2 a0 o2 t2;
  INPUT ---       rlabel(41)=Psi sC toB g1 c2 a1 o3 t3;
  INPUT ---       rlabel(42)=Psi sC toB g1 c3 a0 o3 t3;

 Link Function Used is PARM-SPECIFIC

 Variance Estimation Procedure Used is 2ndPart 
 -2logL(saturated) = 30401.028     
 Effective Sample Size = 11879

 Number of function evaluations was 28 for 12 parameters.
 CPU Time for numerical optimization was 0.28 seconds.     
 -2logL { S(~stratum)p(~stratum)Psi(~-1 + stratum:tostratum) } = 30443.705     
 Penalty { S(~stratum)p(~stratum)Psi(~-1 + stratum:tostratum) } = 0.0000000     
 Gradient { S(~stratum)p(~stratum)Psi(~-1 + stratum:tostratum) }:
   0.0000000       0.0000000       0.0000000       0.0000000       0.0000000    
   0.0000000       0.0000000       0.0000000       0.0000000       0.0000000    
  0.11574998E-03   0.0000000    
 Maximum ABS(G) { S(~stratum)p(~stratum)Psi(~-1 + stratum:tostratum) } = 0.1157500E-03 
 CPU Time to compute VC matrix was 0.25 seconds.     
 S Vector { S(~stratum)p(~stratum)Psi(~-1 + stratum:tostratum) }:
   3323.751      685.3687      513.9512      383.4657      343.6689    
   301.5868      244.5293      231.9173      186.8578      101.0737    
   30.84267      13.56960    
 CPU Time to invert VC matrix was 0.01 seconds.     
 Ratio Threshold = 50.000000       Max Gap (1/2) = 4.8495806       Next Max Gap (1/2) = 4.8495806     
 Gap Method for Num. of Estimated Parameters { S(~stratum)p(~stratum)Psi(~-1 + stratum:tostratum) } = 12          
 Threshold { S(~stratum)p(~stratum)Psi(~-1 + stratum:tostratum) } = 0.2315000E-03           
 Numerical Threshold Method for Num. of Estimated Parameters { S(~stratum)p(~stratum)Psi(~-1 + stratum:tostratum) } = 12          
 Number of Estimated Parameters { S(~stratum)p(~stratum)Psi(~-1 + stratum:tostratum) } = 12          
 DEVIANCE { S(~stratum)p(~stratum)Psi(~-1 + stratum:tostratum) } = 42.677020               
 DEVIANCE Degrees of Freedom { S(~stratum)p(~stratum)Psi(~-1 + stratum:tostratum) } = 206          
 c-hat { S(~stratum)p(~stratum)Psi(~-1 + stratum:tostratum) } = 0.2071700               
 AIC { S(~stratum)p(~stratum)Psi(~-1 + stratum:tostratum) } = 30467.705               
 AICc { S(~stratum)p(~stratum)Psi(~-1 + stratum:tostratum) } = 30467.731               
 BIC { S(~stratum)p(~stratum)Psi(~-1 + stratum:tostratum) } = 30556.295               
 Pearson Chisquare { S(~stratum)p(~stratum)Psi(~-1 + stratum:tostratum) } = 30.545573               
 Possible Encounter Histories { S(~stratum)p(~stratum)Psi(~-1 + stratum:tostratum) } = 252          
 Pearson Chisquare df { S(~stratum)p(~stratum)Psi(~-1 + stratum:tostratum) } = 231          
 Pearson chat { S(~stratum)p(~stratum)Psi(~-1 + stratum:tostratum) } = 0.1322319               
 Sum(Observed/Expected) { S(~stratum)p(~stratum)Psi(~-1 + stratum:tostratum) } = 225.17447               
 s-bar { S(~stratum)p(~stratum)Psi(~-1 + stratum:tostratum) } = -0.1103931              
 Fletcher chat { S(~stratum)p(~stratum)Psi(~-1 + stratum:tostratum) } = 0.1486408               

  Program  MARK  - Survival Rate Estimation with Capture-Recapture Data
   gfortran(dble) Vers. 9.0 Jan 2019  24-Mar-2022 15:26:12    Page  008
 - - - - - - - - - - - - - - - - - - - - - - - - - - - - - - - - - - - - - -
 


 PARM-SPECIFIC Link Function Parameters of { S(~stratum)p(~stratum)Psi(~-1 + stratum:tostratum) }
                                                              95% Confidence Interval
    Parameter                  Beta         Standard Error     Lower           Upper
 -------------------------  --------------  --------------  --------------  --------------
    1:S:(Intercept)          0.7963044       0.0660021       0.6669403       0.9256686    
    2:S:stratumB            -0.9562807E-07   0.0919678      -0.1802570       0.1802568    
    3:S:stratumC            -0.0145521       0.0916775      -0.1942400       0.1651357    
    4:p:(Intercept)          0.0188457       0.1039509      -0.1848981       0.2225894    
    5:p:stratumB            -0.1512238E-06   0.1682516      -0.3297732       0.3297729    
    6:p:stratumC             0.0054698       0.1688150      -0.3254077       0.3363472    
    7:Psi:stratumB:tostrat  -1.1053484       0.0941869      -1.2899548      -0.9207420    
    8:Psi:stratumC:tostrat  -1.0954553       0.0944952      -1.2806660      -0.9102447    
    9:Psi:stratumA:tostrat  -1.1053482       0.0941870      -1.2899547      -0.9207418    
   10:Psi:stratumC:tostrat  -1.0954553       0.0944952      -1.2806659      -0.9102446    
   11:Psi:stratumA:tostrat  -1.1092067       0.0945238      -1.2944734      -0.9239400    
   12:Psi:stratumB:tostrat  -1.1092069       0.0945238      -1.2944736      -0.9239402    


    Real Function Parameters of { S(~stratum)p(~stratum)Psi(~-1 + stratum:tostratum) }
                                                               95% Confidence Interval
     Parameter                Estimate       Standard Error     Lower           Upper
 --------------------------  --------------  --------------  --------------  --------------
     1:S sA g1 c1 a0 o1 t1    0.6891834       0.0141383       0.6608177       0.7161957                          
     2:S sB g1 c1 a0 o1 t1    0.6891834       0.0141383       0.6608177       0.7161957                          
     3:S sC g1 c1 a0 o1 t1    0.6860577       0.0141690       0.6576442       0.7131416                          
     4:p sA g1 c1 a1 o1 t2    0.5047113       0.0259854       0.4539067       0.5554187                          
     5:p sB g1 c1 a1 o1 t2    0.5047112       0.0259854       0.4539067       0.5554187                          
     6:p sC g1 c1 a1 o1 t2    0.5060786       0.0262088       0.4548256       0.5572041                          
     7:Psi sA toB g1 c1 a0    0.1993452       0.0141248       0.1730953       0.2284759                          
     8:Psi sA toB g1 c1 a1    0.1993452       0.0141248       0.1730953       0.2284759                          
     9:Psi sA toB g1 c1 a2    0.1993452       0.0141248       0.1730953       0.2284759                          
    10:Psi sA toB g1 c2 a0    0.1993452       0.0141248       0.1730953       0.2284759                          
    11:Psi sA toB g1 c2 a1    0.1993452       0.0141248       0.1730953       0.2284759                          
    12:Psi sA toB g1 c3 a0    0.1993452       0.0141248       0.1730953       0.2284759                          
    13:Psi sA toC g1 c1 a0    0.1985775       0.0141361       0.1723152       0.2277410                          
    14:Psi sA toC g1 c1 a1    0.1985775       0.0141361       0.1723152       0.2277410                          
    15:Psi sA toC g1 c1 a2    0.1985775       0.0141361       0.1723152       0.2277410                          
    16:Psi sA toC g1 c2 a0    0.1985775       0.0141361       0.1723152       0.2277410                          
    17:Psi sA toC g1 c2 a1    0.1985775       0.0141361       0.1723152       0.2277410                          
    18:Psi sA toC g1 c3 a0    0.1985775       0.0141361       0.1723152       0.2277410                          
    19:Psi sB toA g1 c1 a0    0.1993451       0.0141248       0.1730953       0.2284758                          
    20:Psi sB toA g1 c1 a1    0.1993451       0.0141248       0.1730953       0.2284758                          
    21:Psi sB toA g1 c1 a2    0.1993451       0.0141248       0.1730953       0.2284758                          
    22:Psi sB toA g1 c2 a0    0.1993451       0.0141248       0.1730953       0.2284758                          

  Program  MARK  - Survival Rate Estimation with Capture-Recapture Data
   gfortran(dble) Vers. 9.0 Jan 2019  24-Mar-2022 15:26:12    Page  009
 - - - - - - - - - - - - - - - - - - - - - - - - - - - - - - - - - - - - - -
 
    23:Psi sB toA g1 c2 a1    0.1993451       0.0141248       0.1730953       0.2284758                          
    24:Psi sB toA g1 c3 a0    0.1993451       0.0141248       0.1730953       0.2284758                          
    25:Psi sB toC g1 c1 a0    0.1985774       0.0141361       0.1723151       0.2277410                          
    26:Psi sB toC g1 c1 a1    0.1985774       0.0141361       0.1723151       0.2277410                          
    27:Psi sB toC g1 c1 a2    0.1985774       0.0141361       0.1723151       0.2277410                          
    28:Psi sB toC g1 c2 a0    0.1985774       0.0141361       0.1723151       0.2277410                          
    29:Psi sB toC g1 c2 a1    0.1985774       0.0141361       0.1723151       0.2277410                          
    30:Psi sB toC g1 c3 a0    0.1985774       0.0141361       0.1723151       0.2277410                          
    31:Psi sC toA g1 c1 a0    0.2003790       0.0142217       0.1739487       0.2297084                          
    32:Psi sC toA g1 c1 a1    0.2003790       0.0142217       0.1739487       0.2297084                          
    33:Psi sC toA g1 c1 a2    0.2003790       0.0142217       0.1739487       0.2297084                          
    34:Psi sC toA g1 c2 a0    0.2003790       0.0142217       0.1739487       0.2297084                          
    35:Psi sC toA g1 c2 a1    0.2003790       0.0142217       0.1739487       0.2297084                          
    36:Psi sC toA g1 c3 a0    0.2003790       0.0142217       0.1739487       0.2297084                          
    37:Psi sC toB g1 c1 a0    0.2003790       0.0142217       0.1739487       0.2297084                          
    38:Psi sC toB g1 c1 a1    0.2003790       0.0142217       0.1739487       0.2297084                          
    39:Psi sC toB g1 c1 a2    0.2003790       0.0142217       0.1739487       0.2297084                          
    40:Psi sC toB g1 c2 a0    0.2003790       0.0142217       0.1739487       0.2297084                          
    41:Psi sC toB g1 c2 a1    0.2003790       0.0142217       0.1739487       0.2297084                          
    42:Psi sC toB g1 c3 a0    0.2003790       0.0142217       0.1739487       0.2297084                          

   CPU Time for the last procedure was 0.55 seconds.     

  Program  MARK  - Survival Rate Estimation with Capture-Recapture Data
   gfortran(dble) Vers. 9.0 Jan 2019  24-Mar-2022 15:26:12    Page  010
 - - - - - - - - - - - - - - - - - - - - - - - - - - - - - - - - - - - - - -
 


  INPUT --- proc stop;

     CPU Time in minutes for this job was 0.01

     Time Start = 15:26:12.250   Time End = 15:26:12.654

     Wall Clock Time in minutes for this job was 0.01


          E X E C U T I O N   S U C C E S S F U L 
